# JRE version: Java(TM) SE Runtime Environment (7.0_80-b15) (build 1.7.0_80-b15)
# Java VM: Java HotSpot(TM) 64-Bit Server VM (24.80-b11 mixed mode windows-amd64 compressed oops)
Heap
 PSYoungGen      total 38400K, used 31537K [0x00000007d5c00000, 0x00000007da700000, 0x0000000800000000)
  eden space 33280K, 79% used [0x00000007d5c00000,0x00000007d75ced58,0x00000007d7c80000)
  from space 5120K, 99% used [0x00000007d7c80000,0x00000007d817d700,0x00000007d8180000)
  to   space 5120K, 0% used [0x00000007da200000,0x00000007da200000,0x00000007da700000)
 ParOldGen       total 86528K, used 152K [0x0000000781400000, 0x0000000786880000, 0x00000007d5c00000)
  object space 86528K, 0% used [0x0000000781400000,0x0000000781426000,0x0000000786880000)
 PSPermGen       total 21504K, used 4605K [0x000000077c200000, 0x000000077d700000, 0x0000000781400000)
  object space 21504K, 21% used [0x000000077c200000,0x000000077c67f4f0,0x000000077d700000)
GC Heap History (6 events):
Event: 0.459 GC heap before
{Heap before GC invocations=1 (full 0):
 PSYoungGen      total 38400K, used 33280K [0x00000007d5c00000, 0x00000007d8680000, 0x0000000800000000)
  eden space 33280K, 100% used [0x00000007d5c00000,0x00000007d7c80000,0x00000007d7c80000)
  from space 5120K, 0% used [0x00000007d8180000,0x00000007d8180000,0x00000007d8680000)
  to   space 5120K, 0% used [0x00000007d7c80000,0x00000007d7c80000,0x00000007d8180000)
 ParOldGen       total 86528K, used 0K [0x0000000781400000, 0x0000000786880000, 0x00000007d5c00000)
  object space 86528K, 0% used [0x0000000781400000,0x0000000781400000,0x0000000786880000)
 PSPermGen       total 21504K, used 3940K [0x000000077c200000, 0x000000077d700000, 0x0000000781400000)
  object space 21504K, 18% used [0x000000077c200000,0x000000077c5d93f0,0x000000077d700000)
Event: 0.462 GC heap after
Heap after GC invocations=1 (full 0):
 PSYoungGen      total 38400K, used 5093K [0x00000007d5c00000, 0x00000007d8680000, 0x0000000800000000)
  eden space 33280K, 0% used [0x00000007d5c00000,0x00000007d5c00000,0x00000007d7c80000)
  from space 5120K, 99% used [0x00000007d7c80000,0x00000007d81796f0,0x00000007d8180000)
  to   space 5120K, 0% used [0x00000007d8180000,0x00000007d8180000,0x00000007d8680000)
 ParOldGen       total 86528K, used 136K [0x0000000781400000, 0x0000000786880000, 0x00000007d5c00000)
  object space 86528K, 0% used [0x0000000781400000,0x0000000781422000,0x0000000786880000)
 PSPermGen       total 21504K, used 3940K [0x000000077c200000, 0x000000077d700000, 0x0000000781400000)
  object space 21504K, 18% used [0x000000077c200000,0x000000077c5d93f0,0x000000077d700000)
}
Event: 0.545 GC heap before
{Heap before GC invocations=2 (full 0):
 PSYoungGen      total 38400K, used 38373K [0x00000007d5c00000, 0x00000007d8680000, 0x0000000800000000)
  eden space 33280K, 100% used [0x00000007d5c00000,0x00000007d7c80000,0x00000007d7c80000)
  from space 5120K, 99% used [0x00000007d7c80000,0x00000007d81796f0,0x00000007d8180000)
  to   space 5120K, 0% used [0x00000007d8180000,0x00000007d8180000,0x00000007d8680000)
 ParOldGen       total 86528K, used 136K [0x0000000781400000, 0x0000000786880000, 0x00000007d5c00000)
  object space 86528K, 0% used [0x0000000781400000,0x0000000781422000,0x0000000786880000)
 PSPermGen       total 21504K, used 3940K [0x000000077c200000, 0x000000077d700000, 0x0000000781400000)
  object space 21504K, 18% used [0x000000077c200000,0x000000077c5d93f0,0x000000077d700000)
Event: 0.548 GC heap after
Heap after GC invocations=2 (full 0):
 PSYoungGen      total 38400K, used 5093K [0x00000007d5c00000, 0x00000007da700000, 0x0000000800000000)
  eden space 33280K, 0% used [0x00000007d5c00000,0x00000007d5c00000,0x00000007d7c80000)
  from space 5120K, 99% used [0x00000007d8180000,0x00000007d86796f0,0x00000007d8680000)
  to   space 5120K, 0% used [0x00000007d7c80000,0x00000007d7c80000,0x00000007d8180000)
 ParOldGen       total 86528K, used 152K [0x0000000781400000, 0x0000000786880000, 0x00000007d5c00000)
  object space 86528K, 0% used [0x0000000781400000,0x0000000781426000,0x0000000786880000)
 PSPermGen       total 21504K, used 3940K [0x000000077c200000, 0x000000077d700000, 0x0000000781400000)
  object space 21504K, 18% used [0x000000077c200000,0x000000077c5d93f0,0x000000077d700000)
}
Event: 0.633 GC heap before
{Heap before GC invocations=3 (full 0):
 PSYoungGen      total 38400K, used 38373K [0x00000007d5c00000, 0x00000007da700000, 0x0000000800000000)
  eden space 33280K, 100% used [0x00000007d5c00000,0x00000007d7c80000,0x00000007d7c80000)
  from space 5120K, 99% used [0x00000007d8180000,0x00000007d86796f0,0x00000007d8680000)
  to   space 5120K, 0% used [0x00000007d7c80000,0x00000007d7c80000,0x00000007d8180000)
 ParOldGen       total 86528K, used 152K [0x0000000781400000, 0x0000000786880000, 0x00000007d5c00000)
  object space 86528K, 0% used [0x0000000781400000,0x0000000781426000,0x0000000786880000)
 PSPermGen       total 21504K, used 3940K [0x000000077c200000, 0x000000077d700000, 0x0000000781400000)
  object space 21504K, 18% used [0x000000077c200000,0x000000077c5d93f0,0x000000077d700000)
Event: 0.635 GC heap after
Heap after GC invocations=3 (full 0):
 PSYoungGen      total 38400K, used 5109K [0x00000007d5c00000, 0x00000007da700000, 0x0000000800000000)
  eden space 33280K, 0% used [0x00000007d5c00000,0x00000007d5c00000,0x00000007d7c80000)
  from space 5120K, 99% used [0x00000007d7c80000,0x00000007d817d700,0x00000007d8180000)
  to   space 5120K, 0% used [0x00000007da200000,0x00000007da200000,0x00000007da700000)
 ParOldGen       total 86528K, used 152K [0x0000000781400000, 0x0000000786880000, 0x00000007d5c00000)
  object space 86528K, 0% used [0x0000000781400000,0x0000000781426000,0x0000000786880000)
 PSPermGen       total 21504K, used 3940K [0x000000077c200000, 0x000000077d700000, 0x0000000781400000)
  object space 21504K, 18% used [0x000000077c200000,0x000000077c5d93f0,0x000000077d700000)
}

